This is pdfTeXk, Version 3.141592-1.40.3 (Web2C 7.5.6) (format=pdflatex 2009.2.17)  3 SEP 2012 19:07
entering extended mode
 %&-line parsing enabled.
**problem7_2.tex
(./problem7_2.tex
LaTeX2e <2005/12/01>
Babel <v3.8h> and hyphenation patterns for english, usenglishmax, dumylang, noh
yphenation, arabic, basque, bulgarian, coptic, welsh, czech, slovak, german, ng
erman, danish, esperanto, spanish, catalan, galician, estonian, farsi, finnish,
 french, greek, monogreek, ancientgreek, croatian, hungarian, interlingua, ibyc
us, indonesian, icelandic, italian, latin, mongolian, dutch, norsk, polish, por
tuguese, pinyin, romanian, russian, slovenian, uppersorbian, serbian, swedish, 
turkish, ukenglish, ukrainian, loaded.
(/local/opt/texlive/2007/texmf-dist/tex/latex/base/article.cls
Document Class: article 2005/09/16 v1.4f Standard LaTeX document class
(/local/opt/texlive/2007/texmf-dist/tex/latex/base/size10.clo
File: size10.clo 2005/09/16 v1.4f Standard LaTeX file (size option)
)
\c@part=\count79
\c@section=\count80
\c@subsection=\count81
\c@subsubsection=\count82
\c@paragraph=\count83
\c@subparagraph=\count84
\c@figure=\count85
\c@table=\count86
\abovecaptionskip=\skip41
\belowcaptionskip=\skip42
\bibindent=\dimen102
)
(/local/opt/texlive/2007/texmf-dist/tex/latex/amsmath/amsmath.sty
Package: amsmath 2000/07/18 v2.13 AMS math features
\@mathmargin=\skip43

For additional information on amsmath, use the `?' option.
(/local/opt/texlive/2007/texmf-dist/tex/latex/amsmath/amstext.sty
Package: amstext 2000/06/29 v2.01

(/local/opt/texlive/2007/texmf-dist/tex/latex/amsmath/amsgen.sty
File: amsgen.sty 1999/11/30 v2.0
\@emptytoks=\toks14
\ex@=\dimen103
))
(/local/opt/texlive/2007/texmf-dist/tex/latex/amsmath/amsbsy.sty
Package: amsbsy 1999/11/29 v1.2d
\pmbraise@=\dimen104
)
(/local/opt/texlive/2007/texmf-dist/tex/latex/amsmath/amsopn.sty
Package: amsopn 1999/12/14 v2.01 operator names
)
\inf@bad=\count87
LaTeX Info: Redefining \frac on input line 211.
\uproot@=\count88
\leftroot@=\count89
LaTeX Info: Redefining \overline on input line 307.
\classnum@=\count90
\DOTSCASE@=\count91
LaTeX Info: Redefining \ldots on input line 379.
LaTeX Info: Redefining \dots on input line 382.
LaTeX Info: Redefining \cdots on input line 467.
\Mathstrutbox@=\box26
\strutbox@=\box27
\big@size=\dimen105
LaTeX Font Info:    Redeclaring font encoding OML on input line 567.
LaTeX Font Info:    Redeclaring font encoding OMS on input line 568.
\macc@depth=\count92
\c@MaxMatrixCols=\count93
\dotsspace@=\muskip10
\c@parentequation=\count94
\dspbrk@lvl=\count95
\tag@help=\toks15
\row@=\count96
\column@=\count97
\maxfields@=\count98
\andhelp@=\toks16
\eqnshift@=\dimen106
\alignsep@=\dimen107
\tagshift@=\dimen108
\tagwidth@=\dimen109
\totwidth@=\dimen110
\lineht@=\dimen111
\@envbody=\toks17
\multlinegap=\skip44
\multlinetaggap=\skip45
\mathdisplay@stack=\toks18
LaTeX Info: Redefining \[ on input line 2666.
LaTeX Info: Redefining \] on input line 2667.
)
(/local/opt/texlive/2007/texmf-dist/tex/latex/graphics/graphicx.sty
Package: graphicx 1999/02/16 v1.0f Enhanced LaTeX Graphics (DPC,SPQR)

(/local/opt/texlive/2007/texmf-dist/tex/latex/graphics/keyval.sty
Package: keyval 1999/03/16 v1.13 key=value parser (DPC)
\KV@toks@=\toks19
)
(/local/opt/texlive/2007/texmf-dist/tex/latex/graphics/graphics.sty
Package: graphics 2006/02/20 v1.0o Standard LaTeX Graphics (DPC,SPQR)

(/local/opt/texlive/2007/texmf-dist/tex/latex/graphics/trig.sty
Package: trig 1999/03/16 v1.09 sin cos tan (DPC)
)
(/local/opt/texlive/2007/texmf/tex/latex/config/graphics.cfg
File: graphics.cfg 2007/01/18 v1.5 graphics configuration of teTeX/TeXLive
)
Package graphics Info: Driver file: pdftex.def on input line 90.

(/local/opt/texlive/2007/texmf-dist/tex/latex/pdftex-def/pdftex.def
File: pdftex.def 2007/01/08 v0.04d Graphics/color for pdfTeX
\Gread@gobject=\count99
))
\Gin@req@height=\dimen112
\Gin@req@width=\dimen113
)
(/local/opt/texlive/2007/texmf-dist/tex/latex/tools/verbatim.sty
Package: verbatim 2003/08/22 v1.5q LaTeX2e package for verbatim enhancements
\every@verbatim=\toks20
\verbatim@line=\toks21
\verbatim@in@stream=\read1
)
(/local/opt/texlive/2007/texmf-dist/tex/latex/base/inputenc.sty
Package: inputenc 2006/05/05 v1.1b Input encoding file
\inpenc@prehook=\toks22
\inpenc@posthook=\toks23

(/local/opt/texlive/2007/texmf-dist/tex/latex/base/latin1.def
File: latin1.def 2006/05/05 v1.1b Input encoding file
))
(/local/opt/texlive/texmf-local/tex/latex/hyperref/hyperref.sty
Package: hyperref 2011/04/09 v6.82f Hypertext links for LaTeX

(/local/opt/texlive/texmf-local/tex/generic/oberdiek/ltxcmds.sty
Package: ltxcmds 2011/04/18 v1.20 LaTeX kernel commands for general use (HO)
)
(/local/opt/texlive/texmf-local/tex/generic/oberdiek/ifpdf.sty
Package: ifpdf 2011/01/30 v2.3 Provides the ifpdf switch (HO)
Package ifpdf Info: pdfTeX in PDF mode is detected.
)
(/local/opt/texlive/texmf-local/tex/generic/oberdiek/pdftexcmds.sty
Package: pdftexcmds 2011/04/22 v0.16 Utilities of pdfTeX for LuaTeX (HO)

(/local/opt/texlive/texmf-local/tex/generic/oberdiek/infwarerr.sty
Package: infwarerr 2010/04/08 v1.3 Providing info/warning/message (HO)
)
(/local/opt/texlive/texmf-local/tex/latex/ifluatex/ifluatex.sty
Package: ifluatex 2010/03/01 v1.3 Provides the ifluatex switch (HO)
Package ifluatex Info: LuaTeX not detected.
)
Package pdftexcmds Info: LuaTeX not detected.
Package pdftexcmds Info: \pdf@primitivedisabled, because
(pdftexcmds)             \pdfprimitive is broken until pdfTeX 1.40.4.
Package pdftexcmds Info: \pdf@primitive is not available.
Package pdftexcmds Info: \pdf@ifprimitive is available.
Package pdftexcmds Info: \pdfdraftmode found.
)
(/local/opt/texlive/texmf-local/tex/generic/oberdiek/kvsetkeys.sty
Package: kvsetkeys 2011/04/07 v1.13 Key value parser (HO)

(/local/opt/texlive/texmf-local/tex/generic/oberdiek/etexcmds.sty
Package: etexcmds 2011/02/16 v1.5 Prefix for e-TeX command names (HO)
Package etexcmds Info: Could not find \expanded.
(etexcmds)             That can mean that you are not using pdfTeX 1.50 or
(etexcmds)             that some package has redefined \expanded.
(etexcmds)             In the latter case, load this package earlier.
))
(/local/opt/texlive/texmf-local/tex/generic/oberdiek/pdfescape.sty
Package: pdfescape 2011/04/04 v1.12 Provides string conversions (HO)
)
(/local/opt/texlive/texmf-local/tex/generic/oberdiek/ifvtex.sty
Package: ifvtex 2010/03/01 v1.5 Switches for detecting VTeX and its modes (HO)
Package ifvtex Info: VTeX not detected.
)
(/local/opt/texlive/2007/texmf-dist/tex/generic/ifxetex/ifxetex.sty
Package: ifxetex 2006/08/21 v0.3 Provides ifxetex conditional
)
(/local/opt/texlive/texmf-local/tex/latex/oberdiek/hycolor.sty
Package: hycolor 2011/01/30 v1.7 Color options of hyperref/bookmark (HO)

(/local/opt/texlive/texmf-local/tex/latex/oberdiek/xcolor-patch.sty
Package: xcolor-patch 2011/01/30 xcolor patch

(/local/opt/texlive/texmf-local/tex/latex/oberdiek/hopatch.sty
Package: hopatch 2011/01/30 v1.0 Wrapper for package hooks (HO)
)))
(/local/opt/texlive/texmf-local/tex/latex/oberdiek/letltxmacro.sty
Package: letltxmacro 2010/09/02 v1.4 Let assignment for LaTeX macros (HO)
)
(/local/opt/texlive/texmf-local/tex/latex/oberdiek/kvoptions.sty
Package: kvoptions 2010/12/23 v3.10 Keyval support for LaTeX options (HO)
)
\@linkdim=\dimen114
\Hy@linkcounter=\count100
\Hy@pagecounter=\count101

(/local/opt/texlive/texmf-local/tex/latex/hyperref/pd1enc.def
File: pd1enc.def 2011/04/09 v6.82f Hyperref: PDFDocEncoding definition (HO)
)
(/local/opt/texlive/texmf-local/tex/generic/oberdiek/intcalc.sty
Package: intcalc 2007/09/27 v1.1 Expandable integer calculations (HO)
)
\Hy@SavedSpaceFactor=\count102

(/local/opt/texlive/2007/texmf/tex/latex/config/hyperref.cfg
File: hyperref.cfg 2002/06/06 v1.2 hyperref configuration of TeXLive
)
Package hyperref Info: Option `colorlinks' set `true' on input line 3919.
Package hyperref Info: Hyper figures OFF on input line 4040.
Package hyperref Info: Link nesting OFF on input line 4045.
Package hyperref Info: Hyper index ON on input line 4048.
Package hyperref Info: Plain pages OFF on input line 4055.
Package hyperref Info: Backreferencing OFF on input line 4060.
Package hyperref Info: Implicit mode ON; LaTeX internals redefined.
Package hyperref Info: Bookmarks ON on input line 4278.
\c@Hy@tempcnt=\count103

(/local/opt/texlive/2007/texmf-dist/tex/latex/ltxmisc/url.sty
\Urlmuskip=\muskip11
Package: url 2005/06/27  ver 3.2  Verb mode for urls, etc.
)
LaTeX Info: Redefining \url on input line 4631.

(/local/opt/texlive/texmf-local/tex/generic/oberdiek/bitset.sty
Package: bitset 2011/01/30 v1.1 Data type bit set (HO)

(/local/opt/texlive/texmf-local/tex/generic/oberdiek/bigintcalc.sty
Package: bigintcalc 2011/01/30 v1.2 Expandable big integer calculations (HO)
))
\Fld@menulength=\count104
\Field@Width=\dimen115
\Fld@charsize=\dimen116
Package hyperref Info: Hyper figures OFF on input line 5715.
Package hyperref Info: Link nesting OFF on input line 5720.
Package hyperref Info: Hyper index ON on input line 5723.
Package hyperref Info: backreferencing OFF on input line 5730.
Package hyperref Info: Link coloring ON on input line 5733.
Package hyperref Info: Link coloring with OCG OFF on input line 5740.
Package hyperref Info: PDF/A mode OFF on input line 5745.
LaTeX Info: Redefining \ref on input line 5785.
LaTeX Info: Redefining \pageref on input line 5789.

(/local/opt/texlive/texmf-local/tex/generic/oberdiek/atbegshi.sty
Package: atbegshi 2011/01/30 v1.15 At begin shipout hook (HO)
)
\Hy@abspage=\count105
\c@Item=\count106
\c@Hfootnote=\count107
)

Package hyperref Message: Driver (autodetected): hpdftex.

(/local/opt/texlive/texmf-local/tex/latex/hyperref/hpdftex.def
File: hpdftex.def 2011/04/09 v6.82f Hyperref driver for pdfTeX

(/local/opt/texlive/texmf-local/tex/latex/oberdiek/atveryend.sty
Package: atveryend 2011/04/23 v1.7 Hooks at very end of document (HO)
Package atveryend Info: \enddocument detected (standard).
)
\Fld@listcount=\count108
\c@bookmark@seq@number=\count109

(/local/opt/texlive/texmf-local/tex/latex/oberdiek/rerunfilecheck.sty
Package: rerunfilecheck 2011/04/15 v1.7 Rerun checks for auxiliary files (HO)

(/local/opt/texlive/texmf-local/tex/generic/oberdiek/uniquecounter.sty
Package: uniquecounter 2011/01/30 v1.2 Provides unlimited unique counter (HO)
)
Package uniquecounter Info: New unique counter `rerunfilecheck' on input line 2
82.
)
\Hy@SectionHShift=\skip46
)
(/local/opt/texlive/2007/texmf-dist/tex/latex/listings/listings.sty
\lst@mode=\count110
\lst@gtempboxa=\box28
\lst@token=\toks24
\lst@length=\count111
\lst@currlwidth=\dimen117
\lst@column=\count112
\lst@pos=\count113
\lst@lostspace=\dimen118
\lst@width=\dimen119
\lst@newlines=\count114
\lst@lineno=\count115
\c@lstlisting=\count116
\lst@maxwidth=\dimen120

(/local/opt/texlive/2007/texmf-dist/tex/latex/listings/lstpatch.sty
File: lstpatch.sty 2004/10/17 1.3b (Carsten Heinz)
)
(/local/opt/texlive/2007/texmf-dist/tex/latex/listings/lstmisc.sty
File: lstmisc.sty 2004/09/07 1.3 (Carsten Heinz)
\c@lstnumber=\count117
\lst@skipnumbers=\count118
\lst@framebox=\box29
)
(/local/opt/texlive/2007/texmf-dist/tex/latex/listings/listings.cfg
File: listings.cfg 2004/09/05 1.3 listings configuration
))
Package: listings 2004/10/17 1.3b (Carsten Heinz)

(/local/opt/texlive/2007/texmf-dist/tex/latex/listings/lstlang1.sty
File: lstlang1.sty 2004/09/05 1.3 listings language file
)
\c@subproject=\count119

(./problem7_2.aux)
\openout1 = `problem7_2.aux'.

LaTeX Font Info:    Checking defaults for OML/cmm/m/it on input line 43.
LaTeX Font Info:    ... okay on input line 43.
LaTeX Font Info:    Checking defaults for T1/cmr/m/n on input line 43.
LaTeX Font Info:    ... okay on input line 43.
LaTeX Font Info:    Checking defaults for OT1/cmr/m/n on input line 43.
LaTeX Font Info:    ... okay on input line 43.
LaTeX Font Info:    Checking defaults for OMS/cmsy/m/n on input line 43.
LaTeX Font Info:    ... okay on input line 43.
LaTeX Font Info:    Checking defaults for OMX/cmex/m/n on input line 43.
LaTeX Font Info:    ... okay on input line 43.
LaTeX Font Info:    Checking defaults for U/cmr/m/n on input line 43.
LaTeX Font Info:    ... okay on input line 43.
LaTeX Font Info:    Checking defaults for PD1/pdf/m/n on input line 43.
LaTeX Font Info:    ... okay on input line 43.

(/local/opt/texlive/2007/texmf-dist/tex/context/base/supp-pdf.tex
[Loading MPS to PDF converter (version 2006.09.02).]
\scratchcounter=\count120
\scratchdimen=\dimen121
\scratchbox=\box30
\nofMPsegments=\count121
\nofMParguments=\count122
\MPscratchCnt=\count123
\MPscratchDim=\dimen122
\MPnumerator=\count124
\everyMPtoPDFconversion=\toks25
)
\AtBeginShipoutBox=\box31
 (/local/opt/texlive/2007/texmf-dist/tex/latex/graphics/color.sty
Package: color 2005/11/14 v1.0j Standard LaTeX Color (DPC)

(/local/opt/texlive/2007/texmf/tex/latex/config/color.cfg
File: color.cfg 2007/01/18 v1.5 color configuration of teTeX/TeXLive
)
Package color Info: Driver file: pdftex.def on input line 130.
)
Package hyperref Info: Link coloring ON on input line 43.

(/local/opt/texlive/texmf-local/tex/latex/hyperref/nameref.sty
Package: nameref 2010/04/30 v2.40 Cross-referencing by name of section

(/local/opt/texlive/texmf-local/tex/latex/oberdiek/refcount.sty
Package: refcount 2010/12/01 v3.2 Data extraction from references (HO)
)
(/local/opt/texlive/texmf-local/tex/generic/oberdiek/gettitlestring.sty
Package: gettitlestring 2010/12/03 v1.4 Cleanup title references (HO)
)
\c@section@level=\count125
)
LaTeX Info: Redefining \ref on input line 43.
LaTeX Info: Redefining \pageref on input line 43.
LaTeX Info: Redefining \nameref on input line 43.

(./problem7_2.out) (./problem7_2.out)
\@outlinefile=\write3
\openout3 = `problem7_2.out'.


Underfull \hbox (badness 10000) in paragraph at lines 53--88

 []


Underfull \hbox (badness 10000) in paragraph at lines 53--88

 []


Underfull \hbox (badness 10000) in paragraph at lines 53--88

 []


Underfull \hbox (badness 10000) in paragraph at lines 53--88

 []


Underfull \hbox (badness 10000) in paragraph at lines 53--88

 []


Underfull \hbox (badness 10000) in paragraph at lines 53--88

 []


Underfull \hbox (badness 10000) in paragraph at lines 53--88

 []


Underfull \hbox (badness 10000) in paragraph at lines 53--88

 []

[1

{/local/opt/texlive/2007/texmf-var/fonts/map/pdftex/updmap/pdftex.map}]
<Lander.png, id=26, 1089.06876pt x 945.5325pt>
File: Lander.png Graphic file (type png)
 <use Lander.png>
Overfull \hbox (36.17978pt too wide) in paragraph at lines 99--100
[] 
 []

Package atveryend Info: Empty hook `BeforeClearDocument' on input line 103.
[2 <./Lander.png>]
Package atveryend Info: Empty hook `AfterLastShipout' on input line 103.
 (./problem7_2.aux)
Package atveryend Info: Executing hook `AtVeryEndDocument' on input line 103.
Package atveryend Info: Executing hook `AtEndAfterFileList' on input line 103.
Package rerunfilecheck Info: File `problem7_2.out' has not changed.
(rerunfilecheck)             Checksum: 25499C78568C760D795B2736C779BF2E;92.
Package atveryend Info: Empty hook `AtVeryVeryEnd' on input line 103.
 ) 
Here is how much of TeX's memory you used:
 6769 strings out of 94073
 99318 string characters out of 1163005
 180032 words of memory out of 1500000
 9960 multiletter control sequences out of 10000+50000
 4699 words of font info for 18 fonts, out of 1200000 for 2000
 645 hyphenation exceptions out of 8191
 36i,6n,40p,612b,317s stack positions out of 5000i,500n,6000p,200000b,5000s
</local/opt/texlive/2007/texmf-dist/fonts/type1/bluesky/cm/cmbx12.pfb></local
/opt/texlive/2007/texmf-dist/fonts/type1/bluesky/cm/cmex10.pfb></local/opt/texl
ive/2007/texmf-dist/fonts/type1/bluesky/cm/cmmi10.pfb></local/opt/texlive/2007/
texmf-dist/fonts/type1/bluesky/cm/cmmi5.pfb></local/opt/texlive/2007/texmf-dist
/fonts/type1/bluesky/cm/cmmi7.pfb></local/opt/texlive/2007/texmf-dist/fonts/typ
e1/bluesky/cm/cmr10.pfb></local/opt/texlive/2007/texmf-dist/fonts/type1/bluesky
/cm/cmr5.pfb></local/opt/texlive/2007/texmf-dist/fonts/type1/bluesky/cm/cmr7.pf
b></local/opt/texlive/2007/texmf-dist/fonts/type1/bluesky/cm/cmsy10.pfb></local
/opt/texlive/2007/texmf-dist/fonts/type1/bluesky/cm/cmsy7.pfb>
Output written on problem7_2.pdf (2 pages, 66432 bytes).
PDF statistics:
 66 PDF objects out of 1000 (max. 8388607)
 5 named destinations out of 1000 (max. 131072)
 22 words of extra memory for PDF output out of 10000 (max. 10000000)

